                                 Started job on |	Sep 17 18:36:53
                             Started mapping on |	Sep 17 18:42:43
                                    Finished on |	Sep 17 18:42:51
       Mapping speed, Million of reads per hour |	44.96

                          Number of input reads |	99911
                      Average input read length |	197
                                    UNIQUE READS:
                   Uniquely mapped reads number |	76996
                        Uniquely mapped reads % |	77.06%
                          Average mapped length |	196.97
                       Number of splices: Total |	54941
            Number of splices: Annotated (sjdb) |	54497
                       Number of splices: GT/AG |	54539
                       Number of splices: GC/AG |	336
                       Number of splices: AT/AC |	27
               Number of splices: Non-canonical |	39
                      Mismatch rate per base, % |	0.27%
                         Deletion rate per base |	0.01%
                        Deletion average length |	1.88
                        Insertion rate per base |	0.01%
                       Insertion average length |	1.48
                             MULTI-MAPPING READS:
        Number of reads mapped to multiple loci |	11372
             % of reads mapped to multiple loci |	11.38%
        Number of reads mapped to too many loci |	103
             % of reads mapped to too many loci |	0.10%
                                  UNMAPPED READS:
  Number of reads unmapped: too many mismatches |	0
       % of reads unmapped: too many mismatches |	0.00%
            Number of reads unmapped: too short |	11361
                 % of reads unmapped: too short |	11.37%
                Number of reads unmapped: other |	79
                     % of reads unmapped: other |	0.08%
                                  CHIMERIC READS:
                       Number of chimeric reads |	0
                            % of chimeric reads |	0.00%
