                                 Started job on |	Sep 17 18:36:53
                             Started mapping on |	Sep 17 18:43:59
                                    Finished on |	Sep 17 18:44:14
       Mapping speed, Million of reads per hour |	23.97

                          Number of input reads |	99879
                      Average input read length |	197
                                    UNIQUE READS:
                   Uniquely mapped reads number |	79009
                        Uniquely mapped reads % |	79.10%
                          Average mapped length |	196.83
                       Number of splices: Total |	57065
            Number of splices: Annotated (sjdb) |	57065
                       Number of splices: GT/AG |	56661
                       Number of splices: GC/AG |	366
                       Number of splices: AT/AC |	30
               Number of splices: Non-canonical |	8
                      Mismatch rate per base, % |	0.28%
                         Deletion rate per base |	0.01%
                        Deletion average length |	1.91
                        Insertion rate per base |	0.00%
                       Insertion average length |	1.41
                             MULTI-MAPPING READS:
        Number of reads mapped to multiple loci |	10382
             % of reads mapped to multiple loci |	10.39%
        Number of reads mapped to too many loci |	115
             % of reads mapped to too many loci |	0.12%
                                  UNMAPPED READS:
  Number of reads unmapped: too many mismatches |	0
       % of reads unmapped: too many mismatches |	0.00%
            Number of reads unmapped: too short |	10321
                 % of reads unmapped: too short |	10.33%
                Number of reads unmapped: other |	52
                     % of reads unmapped: other |	0.05%
                                  CHIMERIC READS:
                       Number of chimeric reads |	0
                            % of chimeric reads |	0.00%
