                                 Started job on |	Sep 17 18:36:54
                             Started mapping on |	Sep 17 18:38:30
                                    Finished on |	Sep 17 18:38:45
       Mapping speed, Million of reads per hour |	23.97

                          Number of input reads |	99882
                      Average input read length |	197
                                    UNIQUE READS:
                   Uniquely mapped reads number |	80493
                        Uniquely mapped reads % |	80.59%
                          Average mapped length |	197.02
                       Number of splices: Total |	59266
            Number of splices: Annotated (sjdb) |	59266
                       Number of splices: GT/AG |	58823
                       Number of splices: GC/AG |	389
                       Number of splices: AT/AC |	37
               Number of splices: Non-canonical |	17
                      Mismatch rate per base, % |	0.29%
                         Deletion rate per base |	0.01%
                        Deletion average length |	1.66
                        Insertion rate per base |	0.00%
                       Insertion average length |	1.40
                             MULTI-MAPPING READS:
        Number of reads mapped to multiple loci |	9965
             % of reads mapped to multiple loci |	9.98%
        Number of reads mapped to too many loci |	113
             % of reads mapped to too many loci |	0.11%
                                  UNMAPPED READS:
  Number of reads unmapped: too many mismatches |	0
       % of reads unmapped: too many mismatches |	0.00%
            Number of reads unmapped: too short |	9238
                 % of reads unmapped: too short |	9.25%
                Number of reads unmapped: other |	73
                     % of reads unmapped: other |	0.07%
                                  CHIMERIC READS:
                       Number of chimeric reads |	0
                            % of chimeric reads |	0.00%
