                                 Started job on |	Sep 17 18:36:54
                             Started mapping on |	Sep 17 18:38:31
                                    Finished on |	Sep 17 18:38:45
       Mapping speed, Million of reads per hour |	25.68

                          Number of input reads |	99850
                      Average input read length |	197
                                    UNIQUE READS:
                   Uniquely mapped reads number |	79309
                        Uniquely mapped reads % |	79.43%
                          Average mapped length |	196.91
                       Number of splices: Total |	57041
            Number of splices: Annotated (sjdb) |	57041
                       Number of splices: GT/AG |	56642
                       Number of splices: GC/AG |	343
                       Number of splices: AT/AC |	47
               Number of splices: Non-canonical |	9
                      Mismatch rate per base, % |	0.30%
                         Deletion rate per base |	0.01%
                        Deletion average length |	2.02
                        Insertion rate per base |	0.00%
                       Insertion average length |	1.47
                             MULTI-MAPPING READS:
        Number of reads mapped to multiple loci |	10798
             % of reads mapped to multiple loci |	10.81%
        Number of reads mapped to too many loci |	128
             % of reads mapped to too many loci |	0.13%
                                  UNMAPPED READS:
  Number of reads unmapped: too many mismatches |	0
       % of reads unmapped: too many mismatches |	0.00%
            Number of reads unmapped: too short |	9554
                 % of reads unmapped: too short |	9.57%
                Number of reads unmapped: other |	61
                     % of reads unmapped: other |	0.06%
                                  CHIMERIC READS:
                       Number of chimeric reads |	0
                            % of chimeric reads |	0.00%
