                                 Started job on |	Sep 17 18:36:54
                             Started mapping on |	Sep 17 18:38:27
                                    Finished on |	Sep 17 18:38:40
       Mapping speed, Million of reads per hour |	27.66

                          Number of input reads |	99886
                      Average input read length |	197
                                    UNIQUE READS:
                   Uniquely mapped reads number |	79326
                        Uniquely mapped reads % |	79.42%
                          Average mapped length |	196.94
                       Number of splices: Total |	56897
            Number of splices: Annotated (sjdb) |	56897
                       Number of splices: GT/AG |	56415
                       Number of splices: GC/AG |	438
                       Number of splices: AT/AC |	37
               Number of splices: Non-canonical |	7
                      Mismatch rate per base, % |	0.28%
                         Deletion rate per base |	0.01%
                        Deletion average length |	2.01
                        Insertion rate per base |	0.00%
                       Insertion average length |	1.42
                             MULTI-MAPPING READS:
        Number of reads mapped to multiple loci |	10630
             % of reads mapped to multiple loci |	10.64%
        Number of reads mapped to too many loci |	114
             % of reads mapped to too many loci |	0.11%
                                  UNMAPPED READS:
  Number of reads unmapped: too many mismatches |	0
       % of reads unmapped: too many mismatches |	0.00%
            Number of reads unmapped: too short |	9741
                 % of reads unmapped: too short |	9.75%
                Number of reads unmapped: other |	75
                     % of reads unmapped: other |	0.08%
                                  CHIMERIC READS:
                       Number of chimeric reads |	0
                            % of chimeric reads |	0.00%
