                                 Started job on |	Sep 17 18:38:47
                             Started mapping on |	Sep 17 18:40:25
                                    Finished on |	Sep 17 18:40:39
       Mapping speed, Million of reads per hour |	25.68

                          Number of input reads |	99874
                      Average input read length |	197
                                    UNIQUE READS:
                   Uniquely mapped reads number |	75898
                        Uniquely mapped reads % |	75.99%
                          Average mapped length |	196.86
                       Number of splices: Total |	55386
            Number of splices: Annotated (sjdb) |	55386
                       Number of splices: GT/AG |	54979
                       Number of splices: GC/AG |	349
                       Number of splices: AT/AC |	36
               Number of splices: Non-canonical |	22
                      Mismatch rate per base, % |	0.27%
                         Deletion rate per base |	0.01%
                        Deletion average length |	1.83
                        Insertion rate per base |	0.00%
                       Insertion average length |	1.37
                             MULTI-MAPPING READS:
        Number of reads mapped to multiple loci |	11745
             % of reads mapped to multiple loci |	11.76%
        Number of reads mapped to too many loci |	102
             % of reads mapped to too many loci |	0.10%
                                  UNMAPPED READS:
  Number of reads unmapped: too many mismatches |	0
       % of reads unmapped: too many mismatches |	0.00%
            Number of reads unmapped: too short |	12046
                 % of reads unmapped: too short |	12.06%
                Number of reads unmapped: other |	83
                     % of reads unmapped: other |	0.08%
                                  CHIMERIC READS:
                       Number of chimeric reads |	0
                            % of chimeric reads |	0.00%
